Determining if the pthread_create exist failed with the following output:
Change Dir: /home/pancho/pcl_sample_ws/CMakeFiles/CMakeTmp

Run Build Command:/usr/bin/make "cmTryCompileExec1014158338/fast"
make[1]: ディレクトリ `/home/pancho/pcl_sample_ws/CMakeFiles/CMakeTmp' に入ります
/usr/bin/make -f CMakeFiles/cmTryCompileExec1014158338.dir/build.make CMakeFiles/cmTryCompileExec1014158338.dir/build
make[2]: ディレクトリ `/home/pancho/pcl_sample_ws/CMakeFiles/CMakeTmp' に入ります
/usr/bin/cmake -E cmake_progress_report /home/pancho/pcl_sample_ws/CMakeFiles/CMakeTmp/CMakeFiles 1
Building C object CMakeFiles/cmTryCompileExec1014158338.dir/CheckSymbolExists.c.o
/usr/bin/cc    -o CMakeFiles/cmTryCompileExec1014158338.dir/CheckSymbolExists.c.o   -c /home/pancho/pcl_sample_ws/CMakeFiles/CMakeTmp/CheckSymbolExists.c
Linking C executable cmTryCompileExec1014158338
/usr/bin/cmake -E cmake_link_script CMakeFiles/cmTryCompileExec1014158338.dir/link.txt --verbose=1
/usr/bin/cc        CMakeFiles/cmTryCompileExec1014158338.dir/CheckSymbolExists.c.o  -o cmTryCompileExec1014158338 -rdynamic 
CMakeFiles/cmTryCompileExec1014158338.dir/CheckSymbolExists.c.o: 関数 `main' 内:
CheckSymbolExists.c:(.text+0x16): `pthread_create' に対する定義されていない参照です
collect2: error: ld returned 1 exit status
make[2]: *** [cmTryCompileExec1014158338] エラー 1
make[2]: ディレクトリ `/home/pancho/pcl_sample_ws/CMakeFiles/CMakeTmp' から出ます
make[1]: *** [cmTryCompileExec1014158338/fast] エラー 2
make[1]: ディレクトリ `/home/pancho/pcl_sample_ws/CMakeFiles/CMakeTmp' から出ます

File /home/pancho/pcl_sample_ws/CMakeFiles/CMakeTmp/CheckSymbolExists.c:
/* */
#include <pthread.h>

int main(int argc, char** argv)
{
  (void)argv;
#ifndef pthread_create
  return ((int*)(&pthread_create))[argc];
#else
  (void)argc;
  return 0;
#endif
}

Determining if the function pthread_create exists in the pthreads failed with the following output:
Change Dir: /home/pancho/pcl_sample_ws/CMakeFiles/CMakeTmp

Run Build Command:/usr/bin/make "cmTryCompileExec1732751127/fast"
make[1]: ディレクトリ `/home/pancho/pcl_sample_ws/CMakeFiles/CMakeTmp' に入ります
/usr/bin/make -f CMakeFiles/cmTryCompileExec1732751127.dir/build.make CMakeFiles/cmTryCompileExec1732751127.dir/build
make[2]: ディレクトリ `/home/pancho/pcl_sample_ws/CMakeFiles/CMakeTmp' に入ります
/usr/bin/cmake -E cmake_progress_report /home/pancho/pcl_sample_ws/CMakeFiles/CMakeTmp/CMakeFiles 1
Building C object CMakeFiles/cmTryCompileExec1732751127.dir/CheckFunctionExists.c.o
/usr/bin/cc   -DCHECK_FUNCTION_EXISTS=pthread_create   -o CMakeFiles/cmTryCompileExec1732751127.dir/CheckFunctionExists.c.o   -c /usr/share/cmake-2.8/Modules/CheckFunctionExists.c
Linking C executable cmTryCompileExec1732751127
/usr/bin/cmake -E cmake_link_script CMakeFiles/cmTryCompileExec1732751127.dir/link.txt --verbose=1
/usr/bin/cc    -DCHECK_FUNCTION_EXISTS=pthread_create    CMakeFiles/cmTryCompileExec1732751127.dir/CheckFunctionExists.c.o  -o cmTryCompileExec1732751127 -rdynamic -lpthreads 
/usr/bin/ld: -lpthreads が見つかりません
collect2: error: ld returned 1 exit status
make[2]: *** [cmTryCompileExec1732751127] エラー 1
make[2]: ディレクトリ `/home/pancho/pcl_sample_ws/CMakeFiles/CMakeTmp' から出ます
make[1]: *** [cmTryCompileExec1732751127/fast] エラー 2
make[1]: ディレクトリ `/home/pancho/pcl_sample_ws/CMakeFiles/CMakeTmp' から出ます


