Determining if the pthread_create exist failed with the following output:
Change Dir: /home/guest/usr/github/pcl_sample_ws/build/CMakeFiles/CMakeTmp

Run Build Command:/usr/bin/make "cmTryCompileExec1113109542/fast"
/usr/bin/make -f CMakeFiles/cmTryCompileExec1113109542.dir/build.make CMakeFiles/cmTryCompileExec1113109542.dir/build
make[1]: ディレクトリ `/home/guest/usr/github/pcl_sample_ws/build/CMakeFiles/CMakeTmp' に入ります
/usr/bin/cmake -E cmake_progress_report /home/guest/usr/github/pcl_sample_ws/build/CMakeFiles/CMakeTmp/CMakeFiles 1
Building C object CMakeFiles/cmTryCompileExec1113109542.dir/CheckSymbolExists.c.o
/usr/bin/cc    -o CMakeFiles/cmTryCompileExec1113109542.dir/CheckSymbolExists.c.o   -c /home/guest/usr/github/pcl_sample_ws/build/CMakeFiles/CMakeTmp/CheckSymbolExists.c
Linking C executable cmTryCompileExec1113109542
/usr/bin/cmake -E cmake_link_script CMakeFiles/cmTryCompileExec1113109542.dir/link.txt --verbose=1
/usr/bin/cc       CMakeFiles/cmTryCompileExec1113109542.dir/CheckSymbolExists.c.o  -o cmTryCompileExec1113109542 -rdynamic 
CMakeFiles/cmTryCompileExec1113109542.dir/CheckSymbolExists.c.o: 関数 `main' 内:
CheckSymbolExists.c:(.text+0x16): `pthread_create' に対する定義されていない参照です
collect2: error: ld returned 1 exit status
make[1]: *** [cmTryCompileExec1113109542] エラー 1
make[1]: ディレクトリ `/home/guest/usr/github/pcl_sample_ws/build/CMakeFiles/CMakeTmp' から出ます
make: *** [cmTryCompileExec1113109542/fast] エラー 2

File /home/guest/usr/github/pcl_sample_ws/build/CMakeFiles/CMakeTmp/CheckSymbolExists.c:
/* */
#include <pthread.h>

int main(int argc, char** argv)
{
  (void)argv;
#ifndef pthread_create
  return ((int*)(&pthread_create))[argc];
#else
  (void)argc;
  return 0;
#endif
}

Determining if the function pthread_create exists in the pthreads failed with the following output:
Change Dir: /home/guest/usr/github/pcl_sample_ws/build/CMakeFiles/CMakeTmp

Run Build Command:/usr/bin/make "cmTryCompileExec1097549266/fast"
/usr/bin/make -f CMakeFiles/cmTryCompileExec1097549266.dir/build.make CMakeFiles/cmTryCompileExec1097549266.dir/build
make[1]: ディレクトリ `/home/guest/usr/github/pcl_sample_ws/build/CMakeFiles/CMakeTmp' に入ります
/usr/bin/cmake -E cmake_progress_report /home/guest/usr/github/pcl_sample_ws/build/CMakeFiles/CMakeTmp/CMakeFiles 1
Building C object CMakeFiles/cmTryCompileExec1097549266.dir/CheckFunctionExists.c.o
/usr/bin/cc   -DCHECK_FUNCTION_EXISTS=pthread_create   -o CMakeFiles/cmTryCompileExec1097549266.dir/CheckFunctionExists.c.o   -c /usr/share/cmake-2.8/Modules/CheckFunctionExists.c
Linking C executable cmTryCompileExec1097549266
/usr/bin/cmake -E cmake_link_script CMakeFiles/cmTryCompileExec1097549266.dir/link.txt --verbose=1
/usr/bin/cc   -DCHECK_FUNCTION_EXISTS=pthread_create    CMakeFiles/cmTryCompileExec1097549266.dir/CheckFunctionExists.c.o  -o cmTryCompileExec1097549266 -rdynamic -lpthreads 
/usr/bin/ld: -lpthreads が見つかりません
collect2: error: ld returned 1 exit status
make[1]: *** [cmTryCompileExec1097549266] エラー 1
make[1]: ディレクトリ `/home/guest/usr/github/pcl_sample_ws/build/CMakeFiles/CMakeTmp' から出ます
make: *** [cmTryCompileExec1097549266/fast] エラー 2


